<?xml version="1.0" encoding="UTF-8"?>
<!-- Generated by org.testng.reporters.JUnitXMLReporter -->
<testsuite ignored="0" hostname="DESKTOP-A3869UV" failures="0" tests="3" name="Test" time="47.535" errors="0" timestamp="2022-04-28T20:40:37 IST">
  <testcase classname="MainProject.Homepage" name="Landingpage" time="0.309"/>
  <testcase classname="MainProject.Homepage" name="Landingpage" time="0.2"/>
  <testcase classname="MainProject.ValidateTitle" name="Landingpage" time="0.128"/>
</testsuite> <!-- Test -->
