<?xml version="1.0" encoding="UTF-8"?>
<!-- Generated by org.testng.reporters.JUnitXMLReporter -->
<testsuite ignored="0" hostname="DESKTOP-A3869UV" failures="1" tests="1" name="ValidatingTitle" time="16.744" errors="0" timestamp="2022-05-01T13:30:34 IST">
  <testcase classname="MainProject.ValidateTitle" name="Landingpage" time="0.233">
    <failure type="java.lang.AssertionError" message="expected [FEATURED COURSES1] but found [FEATURED COURSES]">
      <![CDATA[java.lang.AssertionError: expected [FEATURED COURSES1] but found [FEATURED COURSES]
at MainProject.ValidateTitle.Landingpage(ValidateTitle.java:38)
at java.base/java.util.ArrayList.forEach(ArrayList.java:1541)
at java.base/java.util.concurrent.FutureTask.run(FutureTask.java:264)
at java.base/java.util.concurrent.ThreadPoolExecutor.runWorker(ThreadPoolExecutor.java:1128)
at java.base/java.util.concurrent.ThreadPoolExecutor$Worker.run(ThreadPoolExecutor.java:628)
at java.base/java.lang.Thread.run(Thread.java:834)
... Removed 24 stack frames]]>
    </failure>
  </testcase> <!-- Landingpage -->
</testsuite> <!-- ValidatingTitle -->
