<?xml version="1.0" encoding="UTF-8"?>
<testsuite xmlns:xsi="http://www.w3.org/2001/XMLSchema-instance" xsi:noNamespaceSchemaLocation="https://maven.apache.org/surefire/maven-surefire-plugin/xsd/surefire-test-report-3.0.xsd" version="3.0" name="TestSuite" time="40.775" tests="3" errors="0" skipped="0" failures="1">
  <properties>
[...]
</properties>
  <testcase name="Landingpage" classname="MainProject.ValidateTitle" time="0.817">
    <failure message="expected [FEATURED COURSES1] but found [FEATURED COURSES]" type="java.lang.AssertionError"><![CDATA[java.lang.AssertionError: expected [FEATURED COURSES1] but found [FEATURED COURSES]
	at org.testng.Assert.fail(Assert.java:110)
	at org.testng.Assert.failNotEquals(Assert.java:1413)
	at org.testng.Assert.assertEqualsImpl(Assert.java:149)
	at org.testng.Assert.assertEquals(Assert.java:131)
	at org.testng.Assert.assertEquals(Assert.java:655)
	at org.testng.Assert.assertEquals(Assert.java:665)
	at MainProject.ValidateTitle.Landingpage(ValidateTitle.java:38)
	at java.base/jdk.internal.reflect.NativeMethodAccessorImpl.invoke0(Native Method)
	at java.base/jdk.internal.reflect.NativeMethodAccessorImpl.invoke(NativeMethodAccessorImpl.java:62)
	at java.base/jdk.internal.reflect.DelegatingMethodAccessorImpl.invoke(DelegatingMethodAccessorImpl.java:43)
	at java.base/java.lang.reflect.Method.invoke(Method.java:566)
	at org.testng.internal.invokers.MethodInvocationHelper.invokeMethod(MethodInvocationHelper.java:135)
	at org.testng.internal.invokers.TestInvoker.invokeMethod(TestInvoker.java:673)
	at org.testng.internal.invokers.TestInvoker.invokeTestMethod(TestInvoker.java:220)
	at org.testng.internal.invokers.MethodRunner.runInSequence(MethodRunner.java:50)
	at org.testng.internal.invokers.TestInvoker$MethodInvocationAgent.invoke(TestInvoker.java:945)
	at org.testng.internal.invokers.TestInvoker.invokeTestMethods(TestInvoker.java:193)
	at org.testng.internal.invokers.TestMethodWorker.invokeTestMethods(TestMethodWorker.java:146)
	at org.testng.internal.invokers.TestMethodWorker.run(TestMethodWorker.java:128)
	at java.base/java.util.ArrayList.forEach(ArrayList.java:1541)
	at org.testng.TestRunner.privateRun(TestRunner.java:808)
	at org.testng.TestRunner.run(TestRunner.java:603)
	at org.testng.SuiteRunner.runTest(SuiteRunner.java:429)
	at org.testng.SuiteRunner.access$000(SuiteRunner.java:32)
	at org.testng.SuiteRunner$SuiteWorker.run(SuiteRunner.java:467)
	at org.testng.internal.thread.ThreadUtil.lambda$execute$0(ThreadUtil.java:58)
	at java.base/java.util.concurrent.FutureTask.run(FutureTask.java:264)
	at java.base/java.util.concurrent.ThreadPoolExecutor.runWorker(ThreadPoolExecutor.java:1128)
	at java.base/java.util.concurrent.ThreadPoolExecutor$Worker.run(ThreadPoolExecutor.java:628)
	at java.base/java.lang.Thread.run(Thread.java:834)
]]></failure>
    <system-err><![CDATA[SLF4J: Failed to load class "org.slf4j.impl.StaticLoggerBinder".
SLF4J: Defaulting to no-operation (NOP) logger implementation
SLF4J: See http://www.slf4j.org/codes.html#StaticLoggerBinder for further details.
Starting ChromeDriver 99.0.4844.S5t1 a(rdt53i7negc0 2C4h74rb5oafmee23D68r4ie7v96e3rd5 398899.60c6.34ac8774-r4ef.s/5b1ra n(cdh-5h3e7aedcs0/24487444b@5{a#f8e7253}6)8 4oen7 p9o6rt3 d6523928989
6Ocn6l3ya cl7o7c-arlef sco/nnbectrioannsc ha-rhee aadllso/w4e84d4.@{
#P8l7e5a}s)e  osne ep ohrtttps 6:0/7/4c9h
rOonmleydr livoceral.c chroonnmeicutm.ioornsg/ sarece uarliltoyw-ecd.on
sPildeeasrea tsieoen sh tftoprs :s//ucghrgoemesdtriivoern.sc hroomni umk.eoreg/psiecnugr iCtyh-rcoonmsiedDerratiiovnse fro sraf es.ug
gestions on keeping ChromeDriver safe.
CChrhomreoDrmiveer Dwraisv esrt waarst setdar tesdu scuccecsesfsusllfy.u
lly.
[1651392020.096][WARNING]: This version of ChromeDriver has not been tested with Chrome version 100.
[1651392020.130][WARNING]: This version of ChromeDriver has not been tested with Chrome version 100.
May 01, 2022 1:30:20 PM org.openqa.selenium.remote.ProtocolHandshake createSession
INFO: Detected dialect: W3C
May 01, 2022 1:30:20 PM org.openqa.selenium.remote.ProtocolHandshake createSession
INFO: Detected dialect: W3C
May 01, 2022 1:30:20 PM org.openqa.selenium.devtools.CdpVersionFinder findNearestMatch
WARNING: Unable to find an exact match for CDP version 100, so returning the closest version found: 99
May 01, 2022 1:30:20 PM org.openqa.selenium.devtools.CdpVersionFinder findNearestMatch
INFO: Found CDP implementation for version 100 of 99
May 01, 2022 1:30:20 PM org.openqa.selenium.devtools.CdpVersionFinder findNearestMatch
WARNING: Unable to find an exact match for CDP version 100, so returning the closest version found: 99
May 01, 2022 1:30:20 PM org.openqa.selenium.devtools.CdpVersionFinder findNearestMatch
INFO: Found CDP implementation for version 100 of 99
]]></system-err>
  </testcase>
  <testcase name="Landingpage[abc@gmail.com, 3493834](1)" classname="MainProject.Homepage" time="0.282"/>
  <testcase name="Landingpage[xyz@gmail.com, 39394](2)" classname="MainProject.Homepage" time="0.26"/>
</testsuite>